
as12, an absolute assembler for Motorola MCU's, version 1.2h

                        ; Assignment2A.asm
                        ;
                        ; Author:                 Soomin
                        ; Student Number:         040899389
                        ; Date :                 06-Oct-2021
                        ;
                        ;Purpose:                add up the values: $25 +$37 - $1
                        ;
1000                            org     $1000           ; set current location to start of RAM
1000 25                 p:      db      $25             ; first add is at location p
1001 37                 q:      db      $37             ; second add is at location q
1002                    r:      ds      1               ; Sum will be stored at location r
                        
2000                            org     $2000           ; set current location to start in ROM
2000 b6 10 00                   ldaa    p               ; load value at p into accumulator a
2003 bb 10 01                   adda    q               ; add value at q into accumulator a
2006 43                         deca                    ; decrement a
2007 7a 10 02                   staa    r               ; store accumulator a at location r
                                end                     ; end of assembly language

Executed: Thu Oct 07 12:29:21 2021
Total cycles: 13, Total bytes: 12
Total errors: 0, Total warnings: 0
